Symbol range map extraction starting
Processing 14 files
startProcessing "me\dags\noclip\client\Binds.java" md5: 2cfcac5a858a2574cb58e9faf7a4909d
endProcessing "me\dags\noclip\client\Binds.java"

startProcessing "me\dags\noclip\client\KeyBind.java" md5: df852a10dc1d8f27676bedfa5a47d5cf
endProcessing "me\dags\noclip\client\KeyBind.java"

startProcessing "me\dags\noclip\client\NoClipClient.java" md5: 9329c0aaec0355b51666f1a44852715f
endProcessing "me\dags\noclip\client\NoClipClient.java"

startProcessing "me\dags\noclip\client\mixin\MixinEntityPlayerSP.java" md5: e81e06a19cda5ce8ec97c903df73a191
endProcessing "me\dags\noclip\client\mixin\MixinEntityPlayerSP.java"

startProcessing "me\dags\noclip\client\mixin\MixinEntityRenderer.java" md5: d9ac72e96c74cc5ea5b448a87016e2b7
endProcessing "me\dags\noclip\client\mixin\MixinEntityRenderer.java"

startProcessing "me\dags\noclip\client\mixin\MixinMinecraft.java" md5: e451156de6ac9c9bd2063fcd75fabfc7
endProcessing "me\dags\noclip\client\mixin\MixinMinecraft.java"

startProcessing "me\dags\noclip\client\mixin\MixinRenderGlobal.java" md5: 0e7e4a1d9bf90512709b72e8d43b8498
endProcessing "me\dags\noclip\client\mixin\MixinRenderGlobal.java"

startProcessing "me\dags\noclip\common\EntityNoClipper.java" md5: 2a37daebf9cedd047d4dd05de1d9fb9a
endProcessing "me\dags\noclip\common\EntityNoClipper.java"

startProcessing "me\dags\noclip\common\NoClipData.java" md5: acec3712f94d0b347125321c79d6372d
endProcessing "me\dags\noclip\common\NoClipData.java"

startProcessing "me\dags\noclip\common\mixin\MixinEntityPlayer.java" md5: 5e517a87575ea060f21cc565e911b254
endProcessing "me\dags\noclip\common\mixin\MixinEntityPlayer.java"

startProcessing "me\dags\noclip\common\mixin\MixinNetHandlerServer.java" md5: d0419c9200ff0bdd78125d7204a66e6b
endProcessing "me\dags\noclip\common\mixin\MixinNetHandlerServer.java"

startProcessing "me\dags\noclip\launch\Launcher.java" md5: 7c4f7ee3dcb993eedf1d593c85b218d3
endProcessing "me\dags\noclip\launch\Launcher.java"

startProcessing "me\dags\noclip\launch\NoClipLoaderTweaker.java" md5: 8b745e7438aa33b4589c5a73a7288ef1
endProcessing "me\dags\noclip\launch\NoClipLoaderTweaker.java"

startProcessing "me\dags\noclip\launch\NoClipTweaker.java" md5: 28b15e0c872b6f99109eb82ed9120cf3
endProcessing "me\dags\noclip\launch\NoClipTweaker.java"

